{"__type":"$$EventMessageAudit","id":"e6710105-e296-41f7-a3f7-3330aa1fcbb1","ts":"2025-08-19T10:44:42.219+00:00","eventName":"n8n.audit.workflow.created","message":"n8n.audit.workflow.created","payload":{"userId":"77befda4-de3d-4407-ae87-81bb840ade03","_email":"alatasn@mef.edu.tr","_firstName":"Nesibe Ayşe","_lastName":"Alataş","globalRole":"global:owner","workflowId":"KB1iXzQDAEgBHT3F","workflowName":"My workflow"}}
{"__type":"$$EventMessageConfirm","confirm":"e6710105-e296-41f7-a3f7-3330aa1fcbb1","ts":"2025-08-19T10:44:42.221+00:00","source":{"id":"0","name":"eventBus"}}
{"__type":"$$EventMessageAudit","id":"0ca30e54-c24a-4882-a02a-667d5617d89e","ts":"2025-08-19T13:46:05.993+03:00","eventName":"n8n.audit.workflow.updated","message":"n8n.audit.workflow.updated","payload":{"userId":"77befda4-de3d-4407-ae87-81bb840ade03","_email":"alatasn@mef.edu.tr","_firstName":"Nesibe Ayşe","_lastName":"Alataş","globalRole":"global:owner","workflowId":"KB1iXzQDAEgBHT3F","workflowName":"My workflow"}}
{"__type":"$$EventMessageConfirm","confirm":"0ca30e54-c24a-4882-a02a-667d5617d89e","ts":"2025-08-19T13:46:05.993+03:00","source":{"id":"0","name":"eventBus"}}
{"__type":"$$EventMessageWorkflow","id":"fd27a58d-c1c6-4d86-a029-7b3266047eb3","ts":"2025-08-19T13:53:47.629+03:00","eventName":"n8n.workflow.started","message":"n8n.workflow.started","payload":{"executionId":"1","workflowId":"KB1iXzQDAEgBHT3F","isManual":false,"workflowName":"My workflow"}}
{"__type":"$$EventMessageConfirm","confirm":"fd27a58d-c1c6-4d86-a029-7b3266047eb3","ts":"2025-08-19T13:53:47.630+03:00","source":{"id":"0","name":"eventBus"}}
{"__type":"$$EventMessageNode","id":"1502c26a-ee03-4b3a-8f34-cee8ad73f33e","ts":"2025-08-19T13:53:47.631+03:00","eventName":"n8n.node.started","message":"n8n.node.started","payload":{"workflowId":"KB1iXzQDAEgBHT3F","workflowName":"My workflow","executionId":"1","nodeType":"n8n-nodes-base.webhook","nodeName":"Webhook","nodeId":"a2887c36-229b-44c2-8057-b5642fbc96f3"}}
{"__type":"$$EventMessageConfirm","confirm":"1502c26a-ee03-4b3a-8f34-cee8ad73f33e","ts":"2025-08-19T13:53:47.631+03:00","source":{"id":"0","name":"eventBus"}}
{"__type":"$$EventMessageNode","id":"0c937a7c-bee9-4f5d-89d0-6c838619895c","ts":"2025-08-19T13:53:47.632+03:00","eventName":"n8n.node.finished","message":"n8n.node.finished","payload":{"workflowId":"KB1iXzQDAEgBHT3F","workflowName":"My workflow","executionId":"1","nodeType":"n8n-nodes-base.webhook","nodeName":"Webhook","nodeId":"a2887c36-229b-44c2-8057-b5642fbc96f3"}}
{"__type":"$$EventMessageConfirm","confirm":"0c937a7c-bee9-4f5d-89d0-6c838619895c","ts":"2025-08-19T13:53:47.633+03:00","source":{"id":"0","name":"eventBus"}}
{"__type":"$$EventMessageNode","id":"860c8c31-a402-468b-b5fc-1f3b02a4a5d3","ts":"2025-08-19T13:53:47.633+03:00","eventName":"n8n.node.started","message":"n8n.node.started","payload":{"workflowId":"KB1iXzQDAEgBHT3F","workflowName":"My workflow","executionId":"1","nodeType":"n8n-nodes-base.httpRequest","nodeName":"HTTP Request","nodeId":"0775e673-acbd-4e7f-9644-4f8baf9d6d9b"}}
{"__type":"$$EventMessageConfirm","confirm":"860c8c31-a402-468b-b5fc-1f3b02a4a5d3","ts":"2025-08-19T13:53:47.633+03:00","source":{"id":"0","name":"eventBus"}}
{"__type":"$$EventMessageNode","id":"c1e12425-5459-4c25-aefb-810337643615","ts":"2025-08-19T13:53:47.854+03:00","eventName":"n8n.node.finished","message":"n8n.node.finished","payload":{"workflowId":"KB1iXzQDAEgBHT3F","workflowName":"My workflow","executionId":"1","nodeType":"n8n-nodes-base.httpRequest","nodeName":"HTTP Request","nodeId":"0775e673-acbd-4e7f-9644-4f8baf9d6d9b"}}
{"__type":"$$EventMessageConfirm","confirm":"c1e12425-5459-4c25-aefb-810337643615","ts":"2025-08-19T13:53:47.854+03:00","source":{"id":"0","name":"eventBus"}}
{"__type":"$$EventMessageWorkflow","id":"0251b83c-e4ef-4ac4-8dbe-1c7dba1a1d53","ts":"2025-08-19T13:53:47.855+03:00","eventName":"n8n.workflow.failed","message":"n8n.workflow.failed","payload":{"executionId":"1","success":false,"isManual":false,"workflowId":"KB1iXzQDAEgBHT3F","workflowName":"My workflow","lastNodeExecuted":"HTTP Request","errorNodeType":"n8n-nodes-base.httpRequest","errorMessage":"Bad request - please check your parameters"}}
{"__type":"$$EventMessageConfirm","confirm":"0251b83c-e4ef-4ac4-8dbe-1c7dba1a1d53","ts":"2025-08-19T13:53:47.856+03:00","source":{"id":"0","name":"eventBus"}}
{"__type":"$$EventMessageWorkflow","id":"c8688426-3d64-4481-ad31-2ab89dfad718","ts":"2025-08-19T15:43:46.226+03:00","eventName":"n8n.workflow.started","message":"n8n.workflow.started","payload":{"executionId":"2","workflowId":"KB1iXzQDAEgBHT3F","isManual":false,"workflowName":"My workflow"}}
{"__type":"$$EventMessageConfirm","confirm":"c8688426-3d64-4481-ad31-2ab89dfad718","ts":"2025-08-19T15:43:46.227+03:00","source":{"id":"0","name":"eventBus"}}
{"__type":"$$EventMessageNode","id":"5cfc3ba6-d50a-4886-bb6f-51b8fd34058a","ts":"2025-08-19T15:43:46.229+03:00","eventName":"n8n.node.started","message":"n8n.node.started","payload":{"workflowId":"KB1iXzQDAEgBHT3F","workflowName":"My workflow","executionId":"2","nodeType":"n8n-nodes-base.webhook","nodeName":"Webhook","nodeId":"a2887c36-229b-44c2-8057-b5642fbc96f3"}}
{"__type":"$$EventMessageConfirm","confirm":"5cfc3ba6-d50a-4886-bb6f-51b8fd34058a","ts":"2025-08-19T15:43:46.229+03:00","source":{"id":"0","name":"eventBus"}}
{"__type":"$$EventMessageNode","id":"e4b54bf3-a0dd-4e4a-9941-ab684eae840a","ts":"2025-08-19T15:43:46.229+03:00","eventName":"n8n.node.finished","message":"n8n.node.finished","payload":{"workflowId":"KB1iXzQDAEgBHT3F","workflowName":"My workflow","executionId":"2","nodeType":"n8n-nodes-base.webhook","nodeName":"Webhook","nodeId":"a2887c36-229b-44c2-8057-b5642fbc96f3"}}
{"__type":"$$EventMessageConfirm","confirm":"e4b54bf3-a0dd-4e4a-9941-ab684eae840a","ts":"2025-08-19T15:43:46.229+03:00","source":{"id":"0","name":"eventBus"}}
{"__type":"$$EventMessageNode","id":"b971e11f-2d36-403e-a718-cc8036ea8861","ts":"2025-08-19T15:43:46.229+03:00","eventName":"n8n.node.started","message":"n8n.node.started","payload":{"workflowId":"KB1iXzQDAEgBHT3F","workflowName":"My workflow","executionId":"2","nodeType":"n8n-nodes-base.httpRequest","nodeName":"HTTP Request","nodeId":"0775e673-acbd-4e7f-9644-4f8baf9d6d9b"}}
{"__type":"$$EventMessageConfirm","confirm":"b971e11f-2d36-403e-a718-cc8036ea8861","ts":"2025-08-19T15:43:46.229+03:00","source":{"id":"0","name":"eventBus"}}
{"__type":"$$EventMessageNode","id":"93a77965-4088-4e7f-a2c3-6117bddd5c9c","ts":"2025-08-19T15:43:46.267+03:00","eventName":"n8n.node.finished","message":"n8n.node.finished","payload":{"workflowId":"KB1iXzQDAEgBHT3F","workflowName":"My workflow","executionId":"2","nodeType":"n8n-nodes-base.httpRequest","nodeName":"HTTP Request","nodeId":"0775e673-acbd-4e7f-9644-4f8baf9d6d9b"}}
{"__type":"$$EventMessageConfirm","confirm":"93a77965-4088-4e7f-a2c3-6117bddd5c9c","ts":"2025-08-19T15:43:46.267+03:00","source":{"id":"0","name":"eventBus"}}
{"__type":"$$EventMessageWorkflow","id":"294ff69f-70e4-4808-bc40-9e91de06bf42","ts":"2025-08-19T15:43:46.268+03:00","eventName":"n8n.workflow.failed","message":"n8n.workflow.failed","payload":{"executionId":"2","success":false,"isManual":false,"workflowId":"KB1iXzQDAEgBHT3F","workflowName":"My workflow","lastNodeExecuted":"HTTP Request","errorNodeType":"n8n-nodes-base.httpRequest","errorMessage":"The service refused the connection - perhaps it is offline"}}
{"__type":"$$EventMessageConfirm","confirm":"294ff69f-70e4-4808-bc40-9e91de06bf42","ts":"2025-08-19T15:43:46.268+03:00","source":{"id":"0","name":"eventBus"}}
{"__type":"$$EventMessageWorkflow","id":"5b1faf5f-787a-4eed-abc7-0a7ac5c185c0","ts":"2025-08-19T15:46:03.737+03:00","eventName":"n8n.workflow.started","message":"n8n.workflow.started","payload":{"executionId":"3","workflowId":"KB1iXzQDAEgBHT3F","isManual":false,"workflowName":"My workflow"}}
{"__type":"$$EventMessageConfirm","confirm":"5b1faf5f-787a-4eed-abc7-0a7ac5c185c0","ts":"2025-08-19T15:46:03.739+03:00","source":{"id":"0","name":"eventBus"}}
{"__type":"$$EventMessageNode","id":"79842b33-7c3f-489c-b8b5-40c96db6168b","ts":"2025-08-19T15:46:03.740+03:00","eventName":"n8n.node.started","message":"n8n.node.started","payload":{"workflowId":"KB1iXzQDAEgBHT3F","workflowName":"My workflow","executionId":"3","nodeType":"n8n-nodes-base.webhook","nodeName":"Webhook","nodeId":"a2887c36-229b-44c2-8057-b5642fbc96f3"}}
{"__type":"$$EventMessageConfirm","confirm":"79842b33-7c3f-489c-b8b5-40c96db6168b","ts":"2025-08-19T15:46:03.740+03:00","source":{"id":"0","name":"eventBus"}}
{"__type":"$$EventMessageNode","id":"a189f3b2-dcb7-4e16-81fd-087c5a14f6ac","ts":"2025-08-19T15:46:03.741+03:00","eventName":"n8n.node.finished","message":"n8n.node.finished","payload":{"workflowId":"KB1iXzQDAEgBHT3F","workflowName":"My workflow","executionId":"3","nodeType":"n8n-nodes-base.webhook","nodeName":"Webhook","nodeId":"a2887c36-229b-44c2-8057-b5642fbc96f3"}}
{"__type":"$$EventMessageConfirm","confirm":"a189f3b2-dcb7-4e16-81fd-087c5a14f6ac","ts":"2025-08-19T15:46:03.741+03:00","source":{"id":"0","name":"eventBus"}}
{"__type":"$$EventMessageNode","id":"6879bfac-fcfd-4d19-a96b-754bdc92a322","ts":"2025-08-19T15:46:03.742+03:00","eventName":"n8n.node.started","message":"n8n.node.started","payload":{"workflowId":"KB1iXzQDAEgBHT3F","workflowName":"My workflow","executionId":"3","nodeType":"n8n-nodes-base.httpRequest","nodeName":"HTTP Request","nodeId":"0775e673-acbd-4e7f-9644-4f8baf9d6d9b"}}
{"__type":"$$EventMessageConfirm","confirm":"6879bfac-fcfd-4d19-a96b-754bdc92a322","ts":"2025-08-19T15:46:03.742+03:00","source":{"id":"0","name":"eventBus"}}
{"__type":"$$EventMessageNode","id":"e5a8f4bf-7e2a-4e87-b61f-f2c1f76015d4","ts":"2025-08-19T15:46:03.766+03:00","eventName":"n8n.node.finished","message":"n8n.node.finished","payload":{"workflowId":"KB1iXzQDAEgBHT3F","workflowName":"My workflow","executionId":"3","nodeType":"n8n-nodes-base.httpRequest","nodeName":"HTTP Request","nodeId":"0775e673-acbd-4e7f-9644-4f8baf9d6d9b"}}
{"__type":"$$EventMessageConfirm","confirm":"e5a8f4bf-7e2a-4e87-b61f-f2c1f76015d4","ts":"2025-08-19T15:46:03.766+03:00","source":{"id":"0","name":"eventBus"}}
{"__type":"$$EventMessageWorkflow","id":"fec537c3-138d-4ba6-b756-735d3768363f","ts":"2025-08-19T15:46:03.767+03:00","eventName":"n8n.workflow.failed","message":"n8n.workflow.failed","payload":{"executionId":"3","success":false,"isManual":false,"workflowId":"KB1iXzQDAEgBHT3F","workflowName":"My workflow","lastNodeExecuted":"HTTP Request","errorNodeType":"n8n-nodes-base.httpRequest","errorMessage":"The service refused the connection - perhaps it is offline"}}
{"__type":"$$EventMessageConfirm","confirm":"fec537c3-138d-4ba6-b756-735d3768363f","ts":"2025-08-19T15:46:03.767+03:00","source":{"id":"0","name":"eventBus"}}
{"__type":"$$EventMessageAudit","id":"00737532-327f-445d-a37d-bc7f31b39bbc","ts":"2025-08-20T09:05:35.796+03:00","eventName":"n8n.audit.workflow.updated","message":"n8n.audit.workflow.updated","payload":{"userId":"77befda4-de3d-4407-ae87-81bb840ade03","_email":"alatasn@mef.edu.tr","_firstName":"Nesibe Ayşe","_lastName":"Alataş","globalRole":"global:owner","workflowId":"KB1iXzQDAEgBHT3F","workflowName":"My workflow"}}
{"__type":"$$EventMessageConfirm","confirm":"00737532-327f-445d-a37d-bc7f31b39bbc","ts":"2025-08-20T09:05:35.798+03:00","source":{"id":"0","name":"eventBus"}}
{"__type":"$$EventMessageAudit","id":"144592cf-d4c2-43e3-b1ea-13afbbcebd38","ts":"2025-08-20T09:54:50.277+03:00","eventName":"n8n.audit.workflow.created","message":"n8n.audit.workflow.created","payload":{"userId":"77befda4-de3d-4407-ae87-81bb840ade03","_email":"alatasn@mef.edu.tr","_firstName":"Nesibe Ayşe","_lastName":"Alataş","globalRole":"global:owner","workflowId":"2BZVc4kkRJBnFnxr","workflowName":"My workflow 2"}}
{"__type":"$$EventMessageConfirm","confirm":"144592cf-d4c2-43e3-b1ea-13afbbcebd38","ts":"2025-08-20T09:54:50.278+03:00","source":{"id":"0","name":"eventBus"}}
{"__type":"$$EventMessageAudit","id":"212ddb19-e7c7-4bf5-ad14-6ffcae7734ef","ts":"2025-08-20T10:45:32.465+03:00","eventName":"n8n.audit.user.credentials.created","message":"n8n.audit.user.credentials.created","payload":{"userId":"77befda4-de3d-4407-ae87-81bb840ade03","_email":"alatasn@mef.edu.tr","_firstName":"Nesibe Ayşe","_lastName":"Alataş","globalRole":"global:owner","credentialType":"postgres","credentialId":"ZtNtEWtXZ5uxRABb","publicApi":false,"projectId":"FX1cAjiaMopMD1LA","projectType":"personal"}}
{"__type":"$$EventMessageConfirm","confirm":"212ddb19-e7c7-4bf5-ad14-6ffcae7734ef","ts":"2025-08-20T10:45:32.466+03:00","source":{"id":"0","name":"eventBus"}}
{"__type":"$$EventMessageAudit","id":"7e0bebae-fb6a-4d1c-9918-e500431fa46a","ts":"2025-08-20T10:49:32.895+03:00","eventName":"n8n.audit.user.credentials.updated","message":"n8n.audit.user.credentials.updated","payload":{"userId":"77befda4-de3d-4407-ae87-81bb840ade03","_email":"alatasn@mef.edu.tr","_firstName":"Nesibe Ayşe","_lastName":"Alataş","globalRole":"global:owner","credentialType":"postgres","credentialId":"ZtNtEWtXZ5uxRABb"}}
{"__type":"$$EventMessageConfirm","confirm":"7e0bebae-fb6a-4d1c-9918-e500431fa46a","ts":"2025-08-20T10:49:32.896+03:00","source":{"id":"0","name":"eventBus"}}
{"__type":"$$EventMessageAudit","id":"3c0fcb9c-78bc-4b10-9011-8e55488e5170","ts":"2025-08-20T10:49:37.121+03:00","eventName":"n8n.audit.user.credentials.updated","message":"n8n.audit.user.credentials.updated","payload":{"userId":"77befda4-de3d-4407-ae87-81bb840ade03","_email":"alatasn@mef.edu.tr","_firstName":"Nesibe Ayşe","_lastName":"Alataş","globalRole":"global:owner","credentialType":"postgres","credentialId":"ZtNtEWtXZ5uxRABb"}}
{"__type":"$$EventMessageConfirm","confirm":"3c0fcb9c-78bc-4b10-9011-8e55488e5170","ts":"2025-08-20T10:49:37.121+03:00","source":{"id":"0","name":"eventBus"}}
{"__type":"$$EventMessageAudit","id":"8213e11a-ff4f-4e7f-828a-a5022a7becf6","ts":"2025-08-20T10:52:21.835+03:00","eventName":"n8n.audit.user.credentials.updated","message":"n8n.audit.user.credentials.updated","payload":{"userId":"77befda4-de3d-4407-ae87-81bb840ade03","_email":"alatasn@mef.edu.tr","_firstName":"Nesibe Ayşe","_lastName":"Alataş","globalRole":"global:owner","credentialType":"postgres","credentialId":"ZtNtEWtXZ5uxRABb"}}
{"__type":"$$EventMessageConfirm","confirm":"8213e11a-ff4f-4e7f-828a-a5022a7becf6","ts":"2025-08-20T10:52:21.836+03:00","source":{"id":"0","name":"eventBus"}}
{"__type":"$$EventMessageAudit","id":"6669722b-1639-4c50-ba16-8658a6f3a264","ts":"2025-08-20T10:52:22.538+03:00","eventName":"n8n.audit.user.credentials.updated","message":"n8n.audit.user.credentials.updated","payload":{"userId":"77befda4-de3d-4407-ae87-81bb840ade03","_email":"alatasn@mef.edu.tr","_firstName":"Nesibe Ayşe","_lastName":"Alataş","globalRole":"global:owner","credentialType":"postgres","credentialId":"ZtNtEWtXZ5uxRABb"}}
{"__type":"$$EventMessageConfirm","confirm":"6669722b-1639-4c50-ba16-8658a6f3a264","ts":"2025-08-20T10:52:22.538+03:00","source":{"id":"0","name":"eventBus"}}
{"__type":"$$EventMessageAudit","id":"86ff8639-5ed2-47ce-a502-f57028943f54","ts":"2025-08-20T10:53:10.534+03:00","eventName":"n8n.audit.user.credentials.deleted","message":"n8n.audit.user.credentials.deleted","payload":{"userId":"77befda4-de3d-4407-ae87-81bb840ade03","_email":"alatasn@mef.edu.tr","_firstName":"Nesibe Ayşe","_lastName":"Alataş","globalRole":"global:owner","credentialType":"postgres","credentialId":"ZtNtEWtXZ5uxRABb"}}
{"__type":"$$EventMessageConfirm","confirm":"86ff8639-5ed2-47ce-a502-f57028943f54","ts":"2025-08-20T10:53:10.535+03:00","source":{"id":"0","name":"eventBus"}}
{"__type":"$$EventMessageAudit","id":"58fcffff-39c4-4c32-9a34-c756c9f70eab","ts":"2025-08-20T10:54:43.037+03:00","eventName":"n8n.audit.user.credentials.created","message":"n8n.audit.user.credentials.created","payload":{"userId":"77befda4-de3d-4407-ae87-81bb840ade03","_email":"alatasn@mef.edu.tr","_firstName":"Nesibe Ayşe","_lastName":"Alataş","globalRole":"global:owner","credentialType":"postgres","credentialId":"WUnCSlgpEzRlzThO","publicApi":false,"projectId":"FX1cAjiaMopMD1LA","projectType":"personal"}}
{"__type":"$$EventMessageConfirm","confirm":"58fcffff-39c4-4c32-9a34-c756c9f70eab","ts":"2025-08-20T10:54:43.038+03:00","source":{"id":"0","name":"eventBus"}}
{"__type":"$$EventMessageAudit","id":"dc691f46-cf6b-4a98-8e01-1d5e03a97c46","ts":"2025-08-20T10:55:56.091+03:00","eventName":"n8n.audit.workflow.updated","message":"n8n.audit.workflow.updated","payload":{"userId":"77befda4-de3d-4407-ae87-81bb840ade03","_email":"alatasn@mef.edu.tr","_firstName":"Nesibe Ayşe","_lastName":"Alataş","globalRole":"global:owner","workflowId":"KB1iXzQDAEgBHT3F","workflowName":"My workflow"}}
{"__type":"$$EventMessageConfirm","confirm":"dc691f46-cf6b-4a98-8e01-1d5e03a97c46","ts":"2025-08-20T10:55:56.092+03:00","source":{"id":"0","name":"eventBus"}}
{"__type":"$$EventMessageAudit","id":"7a389edf-02b4-480a-bb97-a8cb9316cc7c","ts":"2025-08-20T13:46:25.611+03:00","eventName":"n8n.audit.workflow.updated","message":"n8n.audit.workflow.updated","payload":{"userId":"77befda4-de3d-4407-ae87-81bb840ade03","_email":"alatasn@mef.edu.tr","_firstName":"Nesibe Ayşe","_lastName":"Alataş","globalRole":"global:owner","workflowId":"KB1iXzQDAEgBHT3F","workflowName":"My workflow"}}
{"__type":"$$EventMessageConfirm","confirm":"7a389edf-02b4-480a-bb97-a8cb9316cc7c","ts":"2025-08-20T13:46:25.613+03:00","source":{"id":"0","name":"eventBus"}}
{"__type":"$$EventMessageAudit","id":"36f3e27f-0701-4bde-9f41-fb9155a7591e","ts":"2025-08-20T13:46:50.025+03:00","eventName":"n8n.audit.user.invited","message":"n8n.audit.user.invited","payload":{"userId":"77befda4-de3d-4407-ae87-81bb840ade03","_email":"alatasn@mef.edu.tr","_firstName":"Nesibe Ayşe","_lastName":"Alataş","globalRole":"global:owner","targetUserId":["9b9514b9-9884-49a9-bc46-a3a4e1b43a63"]}}
{"__type":"$$EventMessageConfirm","confirm":"36f3e27f-0701-4bde-9f41-fb9155a7591e","ts":"2025-08-20T13:46:50.025+03:00","source":{"id":"0","name":"eventBus"}}
